2022-10-13 19:12:12,730 WARNING [default] Unable to locate file for ExtraBullets (../BattleBoat/Resources/imagesExtraBullets.png)
2022-10-13 19:12:12,731 WARNING [default] Unable to locate file for PowerBullet (../BattleBoat/Resources/imagesPowerBullet.png)
2022-10-13 19:12:12,731 WARNING [default] Unable to locate file for ExtraAbility (../BattleBoat/Resources/imagesExtraAbility.png)
2022-10-13 19:12:12,731 WARNING [default] Unable to locate file for CivilianBoat (../BattleBoat/Resources/imagesCivilianBoat.png)
2022-10-13 19:12:12,732 WARNING [default] Unable to locate file for SmallBoat (../BattleBoat/Resources/imagesSmallBoat.png)
2022-10-13 19:12:12,732 WARNING [default] Unable to locate file for MediumBoat (../BattleBoat/Resources/imagesMediumBoat.png)
2022-10-13 19:12:12,732 WARNING [default] Unable to locate file for LargeBoat (../BattleBoat/Resources/imagesLargeBoat.png)
2022-10-13 19:12:22,869 WARNING [default] Unable to locate file for ExtraBullets (/BattleBoat/Resources/imagesExtraBullets.png)
2022-10-13 19:12:22,870 WARNING [default] Unable to locate file for PowerBullet (/BattleBoat/Resources/imagesPowerBullet.png)
2022-10-13 19:12:22,870 WARNING [default] Unable to locate file for ExtraAbility (/BattleBoat/Resources/imagesExtraAbility.png)
2022-10-13 19:12:22,871 WARNING [default] Unable to locate file for CivilianBoat (/BattleBoat/Resources/imagesCivilianBoat.png)
2022-10-13 19:12:22,871 WARNING [default] Unable to locate file for SmallBoat (/BattleBoat/Resources/imagesSmallBoat.png)
2022-10-13 19:12:22,871 WARNING [default] Unable to locate file for MediumBoat (/BattleBoat/Resources/imagesMediumBoat.png)
2022-10-13 19:12:22,871 WARNING [default] Unable to locate file for LargeBoat (/BattleBoat/Resources/imagesLargeBoat.png)
2022-10-16 14:09:02,491 WARNING [default] Unable to locate file for ExtraBullets (C:/Users/yap_z/Desktop/Projects/BattleBoat/Resources/imagesExtraBullets.png)
2022-10-16 14:09:02,498 WARNING [default] Unable to locate file for PowerBullet (C:/Users/yap_z/Desktop/Projects/BattleBoat/Resources/imagesPowerBullet.png)
2022-10-16 14:09:02,498 WARNING [default] Unable to locate file for ExtraAbility (C:/Users/yap_z/Desktop/Projects/BattleBoat/Resources/imagesExtraAbility.png)
2022-10-16 14:09:02,499 WARNING [default] Unable to locate file for CivilianBoat (C:/Users/yap_z/Desktop/Projects/BattleBoat/Resources/imagesCivilianBoat.png)
2022-10-16 14:09:02,499 WARNING [default] Unable to locate file for SmallBoat (C:/Users/yap_z/Desktop/Projects/BattleBoat/Resources/imagesSmallBoat.png)
2022-10-16 14:09:02,499 WARNING [default] Unable to locate file for MediumBoat (C:/Users/yap_z/Desktop/Projects/BattleBoat/Resources/imagesMediumBoat.png)
2022-10-16 14:09:02,499 WARNING [default] Unable to locate file for LargeBoat (C:/Users/yap_z/Desktop/Projects/BattleBoat/Resources/imagesLargeBoat.png)
2022-10-16 14:09:57,572 WARNING [default] Unable to locate file for ExtraBullets (C:\Users\yap_z\OneDrive\Desktop\Custom\BattleBoat\bin\Debug\netcoreapp5.0\images\ExtraBullets.png)
2022-10-16 14:09:57,580 WARNING [default] Unable to locate file for PowerBullet (C:\Users\yap_z\OneDrive\Desktop\Custom\BattleBoat\bin\Debug\netcoreapp5.0\images\PowerBullet.png)
2022-10-16 14:09:57,580 WARNING [default] Unable to locate file for ExtraAbility (C:\Users\yap_z\OneDrive\Desktop\Custom\BattleBoat\bin\Debug\netcoreapp5.0\images\ExtraAbility.png)
2022-10-16 14:09:57,581 WARNING [default] Unable to locate file for CivilianBoat (C:\Users\yap_z\OneDrive\Desktop\Custom\BattleBoat\bin\Debug\netcoreapp5.0\images\CivilianBoat.png)
2022-10-16 14:09:57,581 WARNING [default] Unable to locate file for SmallBoat (C:\Users\yap_z\OneDrive\Desktop\Custom\BattleBoat\bin\Debug\netcoreapp5.0\images\SmallBoat.png)
2022-10-16 14:09:57,581 WARNING [default] Unable to locate file for MediumBoat (C:\Users\yap_z\OneDrive\Desktop\Custom\BattleBoat\bin\Debug\netcoreapp5.0\images\MediumBoat.png)
2022-10-16 14:09:57,582 WARNING [default] Unable to locate file for LargeBoat (C:\Users\yap_z\OneDrive\Desktop\Custom\BattleBoat\bin\Debug\netcoreapp5.0\images\LargeBoat.png)
2022-10-16 14:10:33,697 WARNING [default] Unable to locate file for ExtraBullets (C:\Users\yap_z\OneDrive\Desktop\Custom\BattleBoat\bin\Debug\netcoreapp5.0\images\ExtraBullets.png)
2022-10-16 14:10:33,707 WARNING [default] Unable to locate file for PowerBullet (C:\Users\yap_z\OneDrive\Desktop\Custom\BattleBoat\bin\Debug\netcoreapp5.0\images\PowerBullet.png)
2022-10-16 14:10:33,707 WARNING [default] Unable to locate file for ExtraAbility (C:\Users\yap_z\OneDrive\Desktop\Custom\BattleBoat\bin\Debug\netcoreapp5.0\images\ExtraAbility.png)
2022-10-16 14:10:33,708 WARNING [default] Unable to locate file for CivilianBoat (C:\Users\yap_z\OneDrive\Desktop\Custom\BattleBoat\bin\Debug\netcoreapp5.0\images\CivilianBoat.png)
2022-10-16 14:10:33,708 WARNING [default] Unable to locate file for SmallBoat (C:\Users\yap_z\OneDrive\Desktop\Custom\BattleBoat\bin\Debug\netcoreapp5.0\images\SmallBoat.png)
2022-10-16 14:10:33,709 WARNING [default] Unable to locate file for MediumBoat (C:\Users\yap_z\OneDrive\Desktop\Custom\BattleBoat\bin\Debug\netcoreapp5.0\images\MediumBoat.png)
2022-10-16 14:10:33,709 WARNING [default] Unable to locate file for LargeBoat (C:\Users\yap_z\OneDrive\Desktop\Custom\BattleBoat\bin\Debug\netcoreapp5.0\images\LargeBoat.png)
2022-10-16 14:13:14,295 WARNING [default] Unable to locate file for ExtraBullets (C:\Users\yap_z\OneDrive\Desktop\Custom\BattleBoat\bin\Debug\netcoreapp5.0\images\ExtraBullets.png)
2022-10-16 14:13:14,302 WARNING [default] Unable to locate file for PowerBullet (C:\Users\yap_z\OneDrive\Desktop\Custom\BattleBoat\bin\Debug\netcoreapp5.0\images\PowerBullet.png)
2022-10-16 14:13:14,302 WARNING [default] Unable to locate file for ExtraAbility (C:\Users\yap_z\OneDrive\Desktop\Custom\BattleBoat\bin\Debug\netcoreapp5.0\images\ExtraAbility.png)
2022-10-16 14:13:14,302 WARNING [default] Unable to locate file for CivilianBoat (C:\Users\yap_z\OneDrive\Desktop\Custom\BattleBoat\bin\Debug\netcoreapp5.0\images\CivilianBoat.png)
2022-10-16 14:13:14,302 WARNING [default] Unable to locate file for SmallBoat (C:\Users\yap_z\OneDrive\Desktop\Custom\BattleBoat\bin\Debug\netcoreapp5.0\images\SmallBoat.png)
2022-10-16 14:13:14,302 WARNING [default] Unable to locate file for MediumBoat (C:\Users\yap_z\OneDrive\Desktop\Custom\BattleBoat\bin\Debug\netcoreapp5.0\images\MediumBoat.png)
2022-10-16 14:13:14,303 WARNING [default] Unable to locate file for LargeBoat (C:\Users\yap_z\OneDrive\Desktop\Custom\BattleBoat\bin\Debug\netcoreapp5.0\images\LargeBoat.png)
